<component name="libraryTable">
  <library name="junit.jupiter1" type="repository">
    <properties maven-id="org.junit.jupiter:junit-jupiter:5.8.2" />
    <CLASSES>
      <root url="jar://$PROJECT_DIR$/Code/project/src/test/resources/junit-jupiter-5.8.2.jar!/" />
      <root url="jar://$PROJECT_DIR$/Code/project/src/test/resources/junit-jupiter-api-5.8.2.jar!/" />
      <root url="jar://$PROJECT_DIR$/Code/project/src/test/resources/opentest4j-1.2.0.jar!/" />
      <root url="jar://$PROJECT_DIR$/Code/project/src/test/resources/junit-platform-commons-1.8.2.jar!/" />
      <root url="jar://$PROJECT_DIR$/Code/project/src/test/resources/apiguardian-api-1.1.2.jar!/" />
      <root url="jar://$PROJECT_DIR$/Code/project/src/test/resources/junit-jupiter-params-5.8.2.jar!/" />
      <root url="jar://$PROJECT_DIR$/Code/project/src/test/resources/junit-jupiter-engine-5.8.2.jar!/" />
      <root url="jar://$PROJECT_DIR$/Code/project/src/test/resources/junit-platform-engine-1.8.2.jar!/" />
    </CLASSES>
    <JAVADOC />
    <SOURCES />
  </library>
</component>